<?xml version="1.0" encoding="UTF-8"?>
<!-- Generated by org.testng.reporters.JUnitReportReporter -->
<testsuite skipped="0" hostname="SRIHARI" name="testcases.TC_004" tests="1" failures="0" timestamp="19 Jul 2018 17:00:26 GMT" time="8.749" errors="0">
  <testcase name="testcase1" time="8.749" classname="testcases.TC_004"/>
</testsuite> <!-- testcases.TC_004 -->
