<?xml version="1.0" encoding="UTF-8"?>
<!-- Generated by org.testng.reporters.JUnitReportReporter -->
<testsuite skipped="0" hostname="SRIHARI" name="testcases.TC_001" tests="1" failures="0" timestamp="19 Jul 2018 17:00:26 GMT" time="11.384" errors="0">
  <testcase name="testcase1" time="11.384" classname="testcases.TC_001"/>
</testsuite> <!-- testcases.TC_001 -->
