<?xml version="1.0" encoding="UTF-8"?>
<!-- Generated by org.testng.reporters.JUnitReportReporter -->
<testsuite skipped="0" hostname="SRIHARI" name="testcases.TC_003" tests="1" failures="0" timestamp="19 Jul 2018 17:00:26 GMT" time="9.182" errors="0">
  <testcase name="testcase1" time="9.182" classname="testcases.TC_003"/>
</testsuite> <!-- testcases.TC_003 -->
